2025-11-02 21:24:19.564 [info] Reading sessions from keychain...
2025-11-02 21:24:19.564 [info] Getting sessions for all scopes...
2025-11-02 21:24:19.564 [info] Got 0 sessions for ...
2025-11-02 21:24:19.564 [info] Getting sessions for all scopes...
2025-11-02 21:24:19.564 [info] Got 0 sessions for ...
2025-11-02 21:24:19.564 [info] Getting sessions for all scopes...
2025-11-02 21:24:19.564 [info] Got 0 sessions for ...
2025-11-02 21:24:19.564 [info] Getting sessions for all scopes...
2025-11-02 21:24:19.564 [info] Got 0 sessions for ...
2025-11-02 21:24:19.564 [info] Getting sessions for all scopes...
2025-11-02 21:24:19.564 [info] Got 0 sessions for ...
2025-11-02 21:24:19.564 [info] Getting sessions for all scopes...
2025-11-02 21:24:19.564 [info] Got 0 sessions for ...
2025-11-02 21:24:19.564 [info] Getting sessions for all scopes...
2025-11-02 21:24:19.564 [info] Got 0 sessions for ...
2025-11-02 21:24:19.564 [info] Getting sessions for all scopes...
2025-11-02 21:24:19.564 [info] Got 0 sessions for ...
2025-11-02 21:24:19.564 [info] Getting sessions for all scopes...
2025-11-02 21:24:19.564 [info] Got 0 sessions for ...
2025-11-02 21:24:19.564 [info] Getting sessions for all scopes...
2025-11-02 21:24:19.564 [info] Got 0 sessions for ...
2025-11-02 21:24:19.564 [info] Getting sessions for all scopes...
2025-11-02 21:24:19.564 [info] Got 0 sessions for ...
2025-11-02 21:24:19.564 [info] Getting sessions for all scopes...
2025-11-02 21:24:19.564 [info] Got 0 sessions for ...
2025-11-02 21:24:19.564 [info] Getting sessions for all scopes...
2025-11-02 21:24:19.564 [info] Got 0 sessions for ...
2025-11-02 21:24:19.564 [info] Getting sessions for all scopes...
2025-11-02 21:24:19.564 [info] Got 0 sessions for ...
2025-11-02 21:24:19.564 [info] Getting sessions for all scopes...
2025-11-02 21:24:19.564 [info] Got 0 sessions for ...
2025-11-02 21:24:19.753 [info] Getting sessions for read:user,repo,user:email,workflow...
2025-11-02 21:24:19.753 [info] Got 0 sessions for read:user,repo,user:email,workflow...
2025-11-02 21:24:21.161 [info] Getting sessions for all scopes...
2025-11-02 21:24:21.161 [info] Got 0 sessions for ...
2025-11-02 21:24:21.711 [info] Getting sessions for all scopes...
2025-11-02 21:24:21.711 [info] Got 0 sessions for ...
2025-11-02 21:24:23.609 [info] Getting sessions for all scopes...
2025-11-02 21:24:23.609 [info] Got 0 sessions for ...
2025-11-02 21:24:23.609 [info] Getting sessions for all scopes...
2025-11-02 21:24:23.609 [info] Got 0 sessions for ...
2025-11-02 21:24:23.617 [info] Getting sessions for all scopes...
2025-11-02 21:24:23.617 [info] Got 0 sessions for ...
