2025-11-02 21:24:19.692 [info] [main] Log level: Info
2025-11-02 21:24:19.692 [info] [main] Validating found git in: "git"
2025-11-02 21:24:19.692 [info] [main] Using git "2.51.2" from "git"
2025-11-02 21:24:19.692 [info] [Model][doInitialScan] Initial repository scan started
2025-11-02 21:24:19.692 [info] > git rev-parse --show-toplevel [5ms]
2025-11-02 21:24:19.692 [info] > git rev-parse --git-dir --git-common-dir --show-superproject-working-tree [2ms]
2025-11-02 21:24:19.692 [info] [Model][openRepository] Opened repository (path): /home/rawad/skool/SEG3102/lab7-Ryan-Awad
2025-11-02 21:24:19.692 [info] [Model][openRepository] Opened repository (real path): /home/rawad/skool/SEG3102/lab7-Ryan-Awad
2025-11-02 21:24:19.692 [info] [Model][openRepository] Opened repository (kind): repository
2025-11-02 21:24:19.692 [info] [Model][doInitialScan] Initial repository scan completed - repositories (1), closed repositories (0), parent repositories (0), unsafe repositories (0)
2025-11-02 21:24:19.692 [info] > git config --get commit.template [1ms]
2025-11-02 21:24:19.692 [info] > git for-each-ref --format=%(refname)%00%(upstream:short)%00%(objectname)%00%(upstream:track)%00%(upstream:remotename)%00%(upstream:remoteref) refs/heads/main refs/remotes/main [1ms]
2025-11-02 21:24:19.692 [warning] [Git][revParse] Unable to read file: ENOENT: no such file or directory, open '/home/rawad/skool/SEG3102/lab7-Ryan-Awad/.git/refs/remotes/origin/main'
2025-11-02 21:24:19.692 [info] > git rev-parse refs/remotes/origin/main [3ms]
2025-11-02 21:24:19.692 [info] > git status -z -uall [3ms]
2025-11-02 21:24:19.692 [info] > git for-each-ref --sort -committerdate --format %(refname)%00%(objectname)%00%(*objectname) [1ms]
2025-11-02 21:24:19.708 [info] > git for-each-ref --format=%(refname)%00%(upstream:short)%00%(objectname)%00%(upstream:track)%00%(upstream:remotename)%00%(upstream:remoteref) refs/heads/main refs/remotes/main [17ms]
2025-11-02 21:24:19.724 [info] > git config --get --local branch.main.vscode-merge-base [14ms]
2025-11-02 21:24:19.727 [info] > git config --get commit.template [18ms]
2025-11-02 21:24:19.737 [info] > git for-each-ref --format=%(refname)%00%(upstream:short)%00%(objectname)%00%(upstream:track)%00%(upstream:remotename)%00%(upstream:remoteref) refs/heads/origin/main refs/remotes/origin/main [11ms]
2025-11-02 21:24:19.742 [info] > git merge-base refs/heads/main refs/remotes/origin/main [2ms]
2025-11-02 21:24:19.744 [info] > git for-each-ref --format=%(refname)%00%(upstream:short)%00%(objectname)%00%(upstream:track)%00%(upstream:remotename)%00%(upstream:remoteref) refs/heads/main refs/remotes/main [3ms]
2025-11-02 21:24:19.745 [warning] [Git][revParse] Unable to read file: ENOENT: no such file or directory, open '/home/rawad/skool/SEG3102/lab7-Ryan-Awad/.git/refs/remotes/origin/main'
2025-11-02 21:24:19.746 [info] > git diff --name-status -z --diff-filter=ADMR 74283a98e98b4c928c053b79d8a082b0fb4e0ad0...refs/remotes/origin/main [3ms]
2025-11-02 21:24:19.746 [info] > git rev-parse refs/remotes/origin/main [1ms]
2025-11-02 21:24:19.750 [info] > git status -z -uall [2ms]
2025-11-02 21:24:19.751 [info] > git for-each-ref --sort -committerdate --format %(refname)%00%(objectname)%00%(*objectname) [1ms]
2025-11-02 21:24:20.176 [info] > git check-ignore -v -z --stdin [2ms]
2025-11-02 21:24:21.652 [info] > git show --textconv :README.md [4ms]
2025-11-02 21:24:21.654 [info] > git ls-files --stage -- README.md [3ms]
2025-11-02 21:24:21.703 [info] > git cat-file -s a2a9d9e4b6dd6dfb26dd0da9349b28a019928f52 [45ms]
2025-11-02 21:24:21.764 [info] > git blame --root --incremental 74283a98e98b4c928c053b79d8a082b0fb4e0ad0 -- README.md [3ms]
