2025-11-02 21:23:49.359 [info] Reading sessions from keychain...
2025-11-02 21:23:49.359 [info] Getting sessions for all scopes...
2025-11-02 21:23:49.370 [info] Got 0 sessions for ...
2025-11-02 21:23:49.370 [info] Getting sessions for all scopes...
2025-11-02 21:23:49.370 [info] Got 0 sessions for ...
2025-11-02 21:23:49.370 [info] Getting sessions for all scopes...
2025-11-02 21:23:49.370 [info] Got 0 sessions for ...
2025-11-02 21:23:49.370 [info] Getting sessions for all scopes...
2025-11-02 21:23:49.370 [info] Got 0 sessions for ...
2025-11-02 21:23:49.370 [info] Getting sessions for all scopes...
2025-11-02 21:23:49.370 [info] Got 0 sessions for ...
2025-11-02 21:23:49.370 [info] Getting sessions for all scopes...
2025-11-02 21:23:49.370 [info] Got 0 sessions for ...
2025-11-02 21:23:49.370 [info] Getting sessions for all scopes...
2025-11-02 21:23:49.370 [info] Got 0 sessions for ...
2025-11-02 21:23:49.370 [info] Getting sessions for all scopes...
2025-11-02 21:23:49.370 [info] Got 0 sessions for ...
2025-11-02 21:23:49.378 [info] Getting sessions for all scopes...
2025-11-02 21:23:49.378 [info] Got 0 sessions for ...
2025-11-02 21:23:49.378 [info] Getting sessions for all scopes...
2025-11-02 21:23:49.378 [info] Got 0 sessions for ...
2025-11-02 21:23:49.378 [info] Getting sessions for all scopes...
2025-11-02 21:23:49.378 [info] Got 0 sessions for ...
2025-11-02 21:23:49.378 [info] Getting sessions for all scopes...
2025-11-02 21:23:49.378 [info] Got 0 sessions for ...
2025-11-02 21:23:49.378 [info] Getting sessions for all scopes...
2025-11-02 21:23:49.378 [info] Got 0 sessions for ...
2025-11-02 21:23:49.378 [info] Getting sessions for all scopes...
2025-11-02 21:23:49.378 [info] Got 0 sessions for ...
2025-11-02 21:23:49.527 [info] Getting sessions for all scopes...
2025-11-02 21:23:49.527 [info] Got 0 sessions for ...
2025-11-02 21:23:51.627 [info] Getting sessions for all scopes...
2025-11-02 21:23:51.627 [info] Got 0 sessions for ...
2025-11-02 21:23:51.627 [info] Getting sessions for all scopes...
2025-11-02 21:23:51.627 [info] Got 0 sessions for ...
2025-11-02 21:23:51.630 [info] Getting sessions for all scopes...
2025-11-02 21:23:51.630 [info] Got 0 sessions for ...
2025-11-02 21:23:59.760 [info] Getting sessions for read:user,repo,user:email,workflow...
2025-11-02 21:23:59.760 [info] Got 0 sessions for read:user,repo,user:email,workflow...
